<?xml version="1.0" encoding="UTF-8"?>
<!-- Generated by org.testng.reporters.JUnitXMLReporter -->
<testsuite ignored="0" hostname="NODLTP52093562" failures="0" tests="1" name="Login Test" time="0.065" errors="0" timestamp="2021-05-28T21:08:09 IST">
  <testcase classname="com.w2a.base.TestBase" name="@BeforeSuite setUp" time="0.012">
    <failure type="java.lang.NullPointerException" message="inStream parameter is null">
      <![CDATA[java.lang.NullPointerException: inStream parameter is null
at java.base/java.util.Objects.requireNonNull(Objects.java:233)
at java.base/java.util.Properties.load(Properties.java:407)
at com.w2a.base.TestBase.setUp(TestBase.java:44)
... Removed 19 stack frames]]>
    </failure>
  </testcase> <!-- @BeforeSuite setUp -->
  <testcase classname="com.w2a.testcases.LoginTest" name="loginBankManager" time="0.0">
    <skipped/>
  </testcase> <!-- loginBankManager -->
</testsuite> <!-- Login Test -->
