<?xml version="1.0" encoding="UTF-8"?>
<!-- Generated by org.testng.reporters.JUnitXMLReporter -->
<testsuite ignored="2" hostname="NODLTP52093562" failures="0" tests="2" name="Test" time="2.23" errors="0" timestamp="2021-05-30T15:53:48 IST">
  <testcase classname="com.w2a.testcases.BankManagerLoginTest" name="loginBankManager" time="0.098"/>
  <testcase classname="com.w2a.testcases.AddCustomerTest" name="addCustomer" time="0.585"/>
  <testcase classname="com.w2a.base.TestBase" name="@AfterSuite tearDown" time="0.0">
    <ignored/>
  </testcase> <!-- @AfterSuite tearDown -->
  <testcase classname="com.w2a.base.TestBase" name="@BeforeSuite setUp" time="0.0">
    <ignored/>
  </testcase> <!-- @BeforeSuite setUp -->
</testsuite> <!-- Test -->
