<?xml version="1.0" encoding="UTF-8"?>
<testng-results ignored="0" total="2" passed="2" failed="0" skipped="0">
  <reporter-output>
  </reporter-output>
  <suite started-at="2021-05-30T16:24:46 IST" name="DataDriven Basics" finished-at="2021-05-30T16:24:49 IST" duration-ms="2507">
    <groups>
    </groups>
    <test started-at="2021-05-30T16:24:46 IST" name="BankManager Login Test" finished-at="2021-05-30T16:24:46 IST" duration-ms="153">
      <class name="com.w2a.testcases.BankManagerLoginTest">
        <test-method signature="loginBankManager()[pri:0, instance:com.w2a.testcases.BankManagerLoginTest@4a00d9cf]" started-at="2021-05-30T16:24:46 IST" name="loginBankManager" finished-at="2021-05-30T16:24:46 IST" duration-ms="114" status="PASS">
          <reporter-output>
          </reporter-output>
        </test-method> <!-- loginBankManager -->
      </class> <!-- com.w2a.testcases.BankManagerLoginTest -->
    </test> <!-- BankManager Login Test -->
    <test started-at="2021-05-30T16:24:46 IST" name="Add Customer Test" finished-at="2021-05-30T16:24:49 IST" duration-ms="2297">
      <class name="com.w2a.testcases.AddCustomerTest">
        <test-method is-config="true" signature="setUp()[pri:0, instance:com.w2a.testcases.AddCustomerTest@4b34fff9]" started-at="2021-05-30T16:24:40 IST" name="setUp" finished-at="2021-05-30T16:24:46 IST" duration-ms="6208" status="PASS">
          <reporter-output>
          </reporter-output>
        </test-method> <!-- setUp -->
        <test-method signature="addCustomer(java.lang.String,java.lang.String,java.lang.String,java.lang.String)[pri:0, instance:com.w2a.testcases.AddCustomerTest@4b34fff9]" started-at="2021-05-30T16:24:48 IST" name="addCustomer" data-provider="getData" finished-at="2021-05-30T16:24:49 IST" duration-ms="869" status="PASS">
          <params>
            <param index="0">
              <value>
                <![CDATA[Mayur]]>
              </value>
            </param>
            <param index="1">
              <value>
                <![CDATA[Mangal]]>
              </value>
            </param>
            <param index="2">
              <value>
                <![CDATA[243005]]>
              </value>
            </param>
            <param index="3">
              <value>
                <![CDATA[Customer added successfully]]>
              </value>
            </param>
          </params>
          <reporter-output>
          </reporter-output>
        </test-method> <!-- addCustomer -->
        <test-method is-config="true" signature="tearDown()[pri:0, instance:com.w2a.testcases.AddCustomerTest@4b34fff9]" started-at="2021-05-30T16:24:49 IST" name="tearDown" finished-at="2021-05-30T16:24:49 IST" duration-ms="871" status="PASS">
          <reporter-output>
          </reporter-output>
        </test-method> <!-- tearDown -->
      </class> <!-- com.w2a.testcases.AddCustomerTest -->
    </test> <!-- Add Customer Test -->
  </suite> <!-- DataDriven Basics -->
</testng-results>
