<?xml version="1.0" encoding="UTF-8"?>
<testng-results ignored="0" total="2" passed="2" failed="0" skipped="0">
  <reporter-output>
  </reporter-output>
  <suite started-at="2021-05-31T12:58:09 IST" name="DataDriven Basics" finished-at="2021-05-31T12:58:10 IST" duration-ms="1230">
    <groups>
    </groups>
    <test started-at="2021-05-31T12:58:09 IST" name="BankManager Login Test" finished-at="2021-05-31T12:58:09 IST" duration-ms="93">
      <class name="com.w2a.testcases.BankManagerLoginTest">
        <test-method signature="loginBankManager()[pri:0, instance:com.w2a.testcases.BankManagerLoginTest@1a5b6f42]" started-at="2021-05-31T12:58:09 IST" name="loginBankManager" finished-at="2021-05-31T12:58:09 IST" duration-ms="63" status="PASS">
          <reporter-output>
          </reporter-output>
        </test-method> <!-- loginBankManager -->
      </class> <!-- com.w2a.testcases.BankManagerLoginTest -->
    </test> <!-- BankManager Login Test -->
    <test started-at="2021-05-31T12:58:09 IST" name="Add Customer Test" finished-at="2021-05-31T12:58:10 IST" duration-ms="1114">
      <class name="com.w2a.testcases.AddCustomerTest">
        <test-method is-config="true" signature="setUp()[pri:0, instance:com.w2a.testcases.AddCustomerTest@6ca18a14]" started-at="2021-05-31T12:58:03 IST" name="setUp" finished-at="2021-05-31T12:58:09 IST" duration-ms="6105" status="PASS">
          <reporter-output>
          </reporter-output>
        </test-method> <!-- setUp -->
        <test-method signature="addCustomer(java.lang.String,java.lang.String,java.lang.String,java.lang.String)[pri:0, instance:com.w2a.testcases.AddCustomerTest@6ca18a14]" started-at="2021-05-31T12:58:10 IST" name="addCustomer" data-provider="getData" finished-at="2021-05-31T12:58:10 IST" duration-ms="437" status="PASS">
          <params>
            <param index="0">
              <value>
                <![CDATA[Mayur]]>
              </value>
            </param>
            <param index="1">
              <value>
                <![CDATA[Mangal]]>
              </value>
            </param>
            <param index="2">
              <value>
                <![CDATA[243005]]>
              </value>
            </param>
            <param index="3">
              <value>
                <![CDATA[Customer added successfully]]>
              </value>
            </param>
          </params>
          <reporter-output>
          </reporter-output>
        </test-method> <!-- addCustomer -->
        <test-method is-config="true" signature="tearDown()[pri:0, instance:com.w2a.testcases.AddCustomerTest@6ca18a14]" started-at="2021-05-31T12:58:10 IST" name="tearDown" finished-at="2021-05-31T12:58:11 IST" duration-ms="829" status="PASS">
          <reporter-output>
          </reporter-output>
        </test-method> <!-- tearDown -->
      </class> <!-- com.w2a.testcases.AddCustomerTest -->
    </test> <!-- Add Customer Test -->
  </suite> <!-- DataDriven Basics -->
</testng-results>
